<?xml version="1.0" encoding="UTF-8"?>
<!-- Generated by org.testng.reporters.JUnitXMLReporter -->
<testsuite hostname="Lenovo-PC" ignored="0" name="Test" tests="4" failures="0" timestamp="13 Jun 2019 17:57:55 GMT" time="84.568" errors="0">
  <testcase name="userCanLogin" time="7.101" classname="Tests.LoginTests"/>
  <testcase name="userCannotLogin" time="0.766" classname="Tests.LoginTests"/>
  <testcase name="createPosts" time="15.079" classname="Tests.PostsTests"/>
  <testcase name="editPosts" time="13.257" classname="Tests.PostsTests"/>
</testsuite> <!-- Test -->
